<?xml version="1.0" encoding="UTF-8"?>
<!-- Generated by org.testng.reporters.JUnitReportReporter -->
<testsuite hostname="Marias-iMac" failures="0" tests="1" name="ua.hillel.qaauto.CalculatorTest" time="0.003" errors="0" timestamp="2023-09-27T16:39:05 CEST" skipped="0">
  <testcase classname="ua.hillel.qaauto.CalculatorTest" name="calculateDouble" time="0.003"/>
</testsuite> <!-- ua.hillel.qaauto.CalculatorTest -->
